<?xml version="1.0" encoding="UTF-8"?>
<!-- Generated by org.testng.reporters.JUnitReportReporter -->
<testsuite hostname="DESKTOP-O05O15N" failures="0" tests="1" name="com.demo.runner.RunnerTestNG" time="32.777" errors="1" timestamp="2023-08-22T16:58:17 IST" skipped="0">
  <testcase classname="com.demo.runner.RunnerTestNG" name="runScenario" time="32.777">
    <error message="Could not start a new session. Response code 500. Message: session not created: This version of ChromeDriver only supports Chrome version 114
Current browser version is 116.0.5845.97 with binary path C:\Program Files (x86)\Google\Chrome\Application\chrome.exe 
Host info: host: &#039;DESKTOP-O05O15N&#039;, ip: &#039;192.168.1.10&#039;
Build info: version: &#039;4.11.0&#039;, revision: &#039;040bc5406b&#039;
System info: os.name: &#039;Windows 10&#039;, os.arch: &#039;amd64&#039;, os.version: &#039;10.0&#039;, java.version: &#039;17.0.7&#039;
Driver info: org.openqa.selenium.chrome.ChromeDriver
Command: [null, newSession {capabilities=[Capabilities {browserName: chrome, browserVersion: 116, goog:chromeOptions: {args: [--disable-notifications, --test-type, --disable-extensions, disable-infobars, --no-sandbox, --disable-popup-blocking, --disable-dev-shm-usage, --disable-gpu, --dns-prefetch-disable, --always-authorize-plugins, --disable-browser-side-navi..., --ignore-certificate-errors, --remote-allow-origins=*], extensions: []}, unhandledPromptBehavior: ignore}]}]" type="org.openqa.selenium.SessionNotCreatedException">
      <![CDATA[org.openqa.selenium.SessionNotCreatedException: Could not start a new session. Response code 500. Message: session not created: This version of ChromeDriver only supports Chrome version 114
Current browser version is 116.0.5845.97 with binary path C:\Program Files (x86)\Google\Chrome\Application\chrome.exe 
Host info: host: 'DESKTOP-O05O15N', ip: '192.168.1.10'
Build info: version: '4.11.0', revision: '040bc5406b'
System info: os.name: 'Windows 10', os.arch: 'amd64', os.version: '10.0', java.version: '17.0.7'
Driver info: org.openqa.selenium.chrome.ChromeDriver
Command: [null, newSession {capabilities=[Capabilities {browserName: chrome, browserVersion: 116, goog:chromeOptions: {args: [--disable-notifications, --test-type, --disable-extensions, disable-infobars, --no-sandbox, --disable-popup-blocking, --disable-dev-shm-usage, --disable-gpu, --dns-prefetch-disable, --always-authorize-plugins, --disable-browser-side-navi..., --ignore-certificate-errors, --remote-allow-origins=*], extensions: []}, unhandledPromptBehavior: ignore}]}]
at org.openqa.selenium.remote.ProtocolHandshake.createSession(ProtocolHandshake.java:140)
at org.openqa.selenium.remote.ProtocolHandshake.createSession(ProtocolHandshake.java:96)
at org.openqa.selenium.remote.ProtocolHandshake.createSession(ProtocolHandshake.java:68)
at org.openqa.selenium.remote.HttpCommandExecutor.execute(HttpCommandExecutor.java:163)
at org.openqa.selenium.remote.service.DriverCommandExecutor.invokeExecute(DriverCommandExecutor.java:196)
at org.openqa.selenium.remote.service.DriverCommandExecutor.execute(DriverCommandExecutor.java:171)
at org.openqa.selenium.remote.RemoteWebDriver.execute(RemoteWebDriver.java:518)
at org.openqa.selenium.remote.RemoteWebDriver.startSession(RemoteWebDriver.java:232)
at org.openqa.selenium.remote.RemoteWebDriver.<init>(RemoteWebDriver.java:159)
at org.openqa.selenium.chromium.ChromiumDriver.<init>(ChromiumDriver.java:108)
at org.openqa.selenium.chrome.ChromeDriver.<init>(ChromeDriver.java:88)
at org.openqa.selenium.chrome.ChromeDriver.<init>(ChromeDriver.java:83)
at org.openqa.selenium.chrome.ChromeDriver.<init>(ChromeDriver.java:72)
at Automation.DemoQa.test(DemoQa.java:45)
at stepdefinationfile.Stepdef.need_to_launch_demo_qa_url(Stepdef.java:14)
at âœ½.Need to launch DemoQA URL(file:///D:/Meghana%20Selenium/Workspace/Meghana_learning/./src/test/resources/Featurefiles/LoginPage.feature:8)
]]>
    </error>
  </testcase> <!-- runScenario -->
  <system-out/>
</testsuite> <!-- com.demo.runner.RunnerTestNG -->
