<?xml version="1.0" encoding="UTF-8"?>
<!-- Generated by org.testng.reporters.JUnitXMLReporter -->
<testsuite ignored="0" hostname="DESKTOP-O05O15N" failures="1" tests="1" name="Test" time="14.844" errors="0" timestamp="2023-08-22T13:19:07 IST">
  <testcase classname="Automation.DemoQa" name="test" time="14.764">
    <failure type="org.openqa.selenium.SessionNotCreatedException" message="Could not start a new session. Response code 500. Message: session not created: This version of ChromeDriver only supports Chrome version 114
Current browser version is 116.0.5845.97 with binary path C:\Program Files (x86)\Google\Chrome\Application\chrome.exe 
Host info: host: &amp;apos;DESKTOP-O05O15N&amp;apos;, ip: &amp;apos;192.168.1.10&amp;apos;
Build info: version: &amp;apos;4.7.1&amp;apos;, revision: &amp;apos;c6795baf1a3&amp;apos;
System info: os.name: &amp;apos;Windows 10&amp;apos;, os.arch: &amp;apos;amd64&amp;apos;, os.version: &amp;apos;10.0&amp;apos;, java.version: &amp;apos;17.0.7&amp;apos;
Driver info: org.openqa.selenium.chrome.ChromeDriver
Command: [null, newSession {capabilities=[Capabilities {browserName: chrome, goog:chromeOptions: {args: [--disable-notifications, --test-type, --disable-extensions, disable-infobars, --no-sandbox, --disable-popup-blocking, --disable-dev-shm-usage, --disable-gpu, --dns-prefetch-disable, --always-authorize-plugins, --disable-browser-side-navi..., --ignore-certificate-errors, --remote-allow-origins=*], extensions: []}, unhandledPromptBehavior: ignore}], desiredCapabilities=Capabilities {browserName: chrome, goog:chromeOptions: {args: [--disable-notifications, --test-type, --disable-extensions, disable-infobars, --no-sandbox, --disable-popup-blocking, --disable-dev-shm-usage, --disable-gpu, --dns-prefetch-disable, --always-authorize-plugins, --disable-browser-side-navi..., --ignore-certificate-errors, --remote-allow-origins=*], extensions: []}, unhandledPromptBehavior: ignore}}]">
      <![CDATA[org.openqa.selenium.SessionNotCreatedException: Could not start a new session. Response code 500. Message: session not created: This version of ChromeDriver only supports Chrome version 114
Current browser version is 116.0.5845.97 with binary path C:\Program Files (x86)\Google\Chrome\Application\chrome.exe 
Host info: host: 'DESKTOP-O05O15N', ip: '192.168.1.10'
Build info: version: '4.7.1', revision: 'c6795baf1a3'
System info: os.name: 'Windows 10', os.arch: 'amd64', os.version: '10.0', java.version: '17.0.7'
Driver info: org.openqa.selenium.chrome.ChromeDriver
Command: [null, newSession {capabilities=[Capabilities {browserName: chrome, goog:chromeOptions: {args: [--disable-notifications, --test-type, --disable-extensions, disable-infobars, --no-sandbox, --disable-popup-blocking, --disable-dev-shm-usage, --disable-gpu, --dns-prefetch-disable, --always-authorize-plugins, --disable-browser-side-navi..., --ignore-certificate-errors, --remote-allow-origins=*], extensions: []}, unhandledPromptBehavior: ignore}], desiredCapabilities=Capabilities {browserName: chrome, goog:chromeOptions: {args: [--disable-notifications, --test-type, --disable-extensions, disable-infobars, --no-sandbox, --disable-popup-blocking, --disable-dev-shm-usage, --disable-gpu, --dns-prefetch-disable, --always-authorize-plugins, --disable-browser-side-navi..., --ignore-certificate-errors, --remote-allow-origins=*], extensions: []}, unhandledPromptBehavior: ignore}}]
at org.openqa.selenium.remote.ProtocolHandshake.createSession(ProtocolHandshake.java:148)
at org.openqa.selenium.remote.ProtocolHandshake.createSession(ProtocolHandshake.java:106)
at org.openqa.selenium.remote.ProtocolHandshake.createSession(ProtocolHandshake.java:67)
at org.openqa.selenium.remote.HttpCommandExecutor.execute(HttpCommandExecutor.java:156)
at org.openqa.selenium.remote.service.DriverCommandExecutor.invokeExecute(DriverCommandExecutor.java:167)
at org.openqa.selenium.remote.service.DriverCommandExecutor.execute(DriverCommandExecutor.java:142)
at org.openqa.selenium.remote.RemoteWebDriver.execute(RemoteWebDriver.java:551)
at org.openqa.selenium.remote.RemoteWebDriver.startSession(RemoteWebDriver.java:244)
at org.openqa.selenium.remote.RemoteWebDriver.<init>(RemoteWebDriver.java:159)
at org.openqa.selenium.chromium.ChromiumDriver.<init>(ChromiumDriver.java:101)
at org.openqa.selenium.chrome.ChromeDriver.<init>(ChromeDriver.java:81)
at org.openqa.selenium.chrome.ChromeDriver.<init>(ChromeDriver.java:70)
at Automation.DemoQa.test(DemoQa.java:39)
at java.base/java.util.ArrayList.forEach(ArrayList.java:1511)
... Removed 27 stack frames]]>
    </failure>
  </testcase> <!-- test -->
</testsuite> <!-- Test -->
